;;; 
Export: Release 21.0.0.0.0 - Production on Thu Oct 16 11:23:03 2025
Version 21.3.0.0.0

Copyright (c) 1982, 2021, Oracle and/or its affiliates.  All rights reserved.
;;; 
Connected to: Oracle Database 21c Express Edition Release 21.0.0.0.0 - Production
Starting "SYSTEM"."SYS_EXPORT_SCHEMA_01":  system/********@XEPDB1 schemas=FARMA_RAPID directory=BACKUP_DIR dumpfile=Farma_rapid_2025-10-16_1123.dmp logfile=Farma_rapid_export_2025-10-16_1123.log 
Processing object type SCHEMA_EXPORT/TABLE/TABLE_DATA
Processing object type SCHEMA_EXPORT/PACKAGE/PACKAGE_BODY
Processing object type SCHEMA_EXPORT/TABLE/INDEX/STATISTICS/INDEX_STATISTICS
Processing object type SCHEMA_EXPORT/TABLE/STATISTICS/TABLE_STATISTICS
Processing object type SCHEMA_EXPORT/STATISTICS/MARKER
Processing object type SCHEMA_EXPORT/USER
Processing object type SCHEMA_EXPORT/ROLE_GRANT
Processing object type SCHEMA_EXPORT/DEFAULT_ROLE
Processing object type SCHEMA_EXPORT/TABLESPACE_QUOTA
Processing object type SCHEMA_EXPORT/PRE_SCHEMA/PROCACT_SCHEMA
Processing object type SCHEMA_EXPORT/TABLE/TABLE
Processing object type SCHEMA_EXPORT/TABLE/IDENTITY_COLUMN
Processing object type SCHEMA_EXPORT/PACKAGE/PACKAGE_SPEC
Processing object type SCHEMA_EXPORT/PROCEDURE/PROCEDURE
Processing object type SCHEMA_EXPORT/PACKAGE/COMPILE_PACKAGE/PACKAGE_SPEC/ALTER_PACKAGE_SPEC
Processing object type SCHEMA_EXPORT/PROCEDURE/ALTER_PROCEDURE
Processing object type SCHEMA_EXPORT/TABLE/CONSTRAINT/CONSTRAINT
Processing object type SCHEMA_EXPORT/TABLE/CONSTRAINT/REF_CONSTRAINT
Processing object type SCHEMA_EXPORT/TABLE/TRIGGER
. . exported "FARMA_RAPID"."BATCHES"                     10.88 KB     100 rows
. . exported "FARMA_RAPID"."BATCHES_AUDIT"                   0 KB       0 rows
. . exported "FARMA_RAPID"."CATEGORIES"                  12.50 KB     100 rows
. . exported "FARMA_RAPID"."CUSTOMERS"                   16.56 KB     100 rows
. . exported "FARMA_RAPID"."CUSTOMERS_AUDIT"                 0 KB       0 rows
. . exported "FARMA_RAPID"."MEDICINES"                   14.40 KB     100 rows
. . exported "FARMA_RAPID"."MEDICINES_AUDIT"                 0 KB       0 rows
. . exported "FARMA_RAPID"."MEDICINES_PRESCRIPTIONS"     7.906 KB     100 rows
. . exported "FARMA_RAPID"."MEDICINES_SALES"             9.515 KB     100 rows
. . exported "FARMA_RAPID"."MEDICINES_SALES_TAXES"       7.195 KB     100 rows
. . exported "FARMA_RAPID"."PAYMENTS"                    8.453 KB     100 rows
. . exported "FARMA_RAPID"."PRESCRIPTIONS"               7.671 KB     100 rows
. . exported "FARMA_RAPID"."SALES"                       10.41 KB     100 rows
. . exported "FARMA_RAPID"."SALES_AUDIT"                     0 KB       0 rows
. . exported "FARMA_RAPID"."SUPPLIERS"                   15.58 KB     100 rows
. . exported "FARMA_RAPID"."TAXES"                       7.625 KB     100 rows
Master table "SYSTEM"."SYS_EXPORT_SCHEMA_01" successfully loaded/unloaded
******************************************************************************
Dump file set for SYSTEM.SYS_EXPORT_SCHEMA_01 is:
  /opt/oracle/backups/Farma_rapid_2025-10-16_1123.dmp
Job "SYSTEM"."SYS_EXPORT_SCHEMA_01" successfully completed at Thu Oct 16 11:24:07 2025 elapsed 0 00:00:49
